<?xml version="1.0" encoding="UTF-8"?>
<!-- Generated by org.testng.reporters.JUnitXMLReporter -->
<testsuite ignored="0" hostname="DESKTOP-JAS0CHU" failures="0" tests="4" name="Default test" time="66.774" errors="0" timestamp="2025-07-26T12:41:53 IST">
  <testcase classname="TestCase.MakeMyTripFlightSearch" name="MakeMyTripFlightSearchWithValidValues" time="7.5"/>
  <testcase classname="TestCase.MakeMyTripFlightSearch" name="MakeMyTripFlightSearchWithValidValuesusingmultipledata" time="7.542"/>
  <testcase classname="TestCase.MakeMyTripFlightSearch" name="MakeMyTripFlightSearchWithValidValuesusingmultipledata" time="7.647"/>
  <testcase classname="TestCase.MakeMyTripFlightSearch" name="MakeMyTripFlightSearchWithinValidValues" time="0.0"/>
</testsuite> <!-- Default test -->
