<?xml version="1.0" encoding="UTF-8"?>
<!-- Generated by org.testng.reporters.JUnitXMLReporter -->
<testsuite ignored="0" hostname="DESKTOP-JAS0CHU" failures="0" tests="2" name="Default test" time="23.199" errors="0" timestamp="2025-07-20T12:39:08 IST">
  <testcase classname="TestCase.MakeMyTripFlightSearch" name="MakeMyTripFlightSearchWithValidValues" time="0.014"/>
  <testcase classname="TestCase.MakeMyTripFlightSearch" name="MakeMyTripFlightSearchWithinValidValues" time="0.0"/>
</testsuite> <!-- Default test -->
