<?xml version="1.0" encoding="UTF-8"?>
<!-- Generated by org.testng.reporters.JUnitXMLReporter -->
<testsuite ignored="2" hostname="DESKTOP-JAS0CHU" failures="0" tests="4" name="Smoke" time="0.071" errors="0" timestamp="2025-07-19T12:56:08 IST">
  <testcase classname="BasicsofTestng.TestNGScondClass" name="Fitatestcase1" time="0.008"/>
  <testcase classname="BasicsofTestng.TestNgBasics" name="FirstTestcase" time="0.002"/>
  <testcase classname="BasicsofTestng.TestNgBasics" name="ThirdTestcase" time="0.008"/>
  <testcase classname="BasicsofTestng.TestNgThirdclass" name="Thirdcalss1" time="0.001"/>
  <testcase classname="BasicsofTestng.TestNgBasics" name="SecondTestcase" time="0.0">
    <ignored/>
  </testcase> <!-- SecondTestcase -->
  <testcase classname="BasicsofTestng.TestNGScondClass" name="Fitatestcase2" time="0.0">
    <ignored/>
  </testcase> <!-- Fitatestcase2 -->
</testsuite> <!-- Smoke -->
