<?xml version="1.0" encoding="UTF-8"?>
<testng-results ignored="0" total="1" passed="1" failed="0" skipped="0">
  <reporter-output>
  </reporter-output>
  <suite started-at="2025-07-19T13:28:02 IST" name="Default suite" finished-at="2025-07-19T13:28:06 IST" duration-ms="3731">
    <groups>
    </groups>
    <test started-at="2025-07-19T13:28:02 IST" name="Default test" finished-at="2025-07-19T13:28:06 IST" duration-ms="3731">
      <class name="TestCase.MakeMyTripFlightSearch">
        <test-method is-config="true" signature="OpenTheBrowser()[pri:0, instance:TestCase.MakeMyTripFlightSearch@4c583ecf]" started-at="2025-07-19T13:28:01 IST" name="OpenTheBrowser" finished-at="2025-07-19T13:28:02 IST" duration-ms="1332" status="PASS">
          <reporter-output>
          </reporter-output>
        </test-method> <!-- OpenTheBrowser -->
        <test-method is-config="true" signature="LaunchMakeMyTrip()[pri:0, instance:TestCase.MakeMyTripFlightSearch@4c583ecf]" started-at="2025-07-19T13:28:02 IST" name="LaunchMakeMyTrip" finished-at="2025-07-19T13:28:06 IST" duration-ms="3690" status="PASS">
          <reporter-output>
          </reporter-output>
        </test-method> <!-- LaunchMakeMyTrip -->
        <test-method signature="MakeMyTripFlightSearchWithValidValues()[pri:0, instance:TestCase.MakeMyTripFlightSearch@4c583ecf]" started-at="2025-07-19T13:28:06 IST" name="MakeMyTripFlightSearchWithValidValues" finished-at="2025-07-19T13:28:06 IST" duration-ms="8" status="PASS">
          <reporter-output>
          </reporter-output>
        </test-method> <!-- MakeMyTripFlightSearchWithValidValues -->
        <test-method is-config="true" signature="TearDown()[pri:0, instance:TestCase.MakeMyTripFlightSearch@4c583ecf]" started-at="2025-07-19T13:28:06 IST" name="TearDown" finished-at="2025-07-19T13:28:06 IST" duration-ms="203" status="PASS">
          <reporter-output>
          </reporter-output>
        </test-method> <!-- TearDown -->
      </class> <!-- TestCase.MakeMyTripFlightSearch -->
    </test> <!-- Default test -->
  </suite> <!-- Default suite -->
</testng-results>
