<?xml version="1.0" encoding="UTF-8"?>
<testng-results ignored="0" total="2" passed="2" failed="0" skipped="0">
  <reporter-output>
  </reporter-output>
  <suite started-at="2025-07-20T12:38:45 IST" name="Default suite" finished-at="2025-07-20T12:39:08 IST" duration-ms="23199">
    <groups>
    </groups>
    <test started-at="2025-07-20T12:38:45 IST" name="Default test" finished-at="2025-07-20T12:39:08 IST" duration-ms="23199">
      <class name="TestCase.MakeMyTripFlightSearch">
        <test-method is-config="true" signature="OpenTheBrowser()[pri:0, instance:TestCase.MakeMyTripFlightSearch@3754a4bf]" started-at="2025-07-20T12:38:44 IST" name="OpenTheBrowser" finished-at="2025-07-20T12:38:45 IST" duration-ms="1457" status="PASS">
          <reporter-output>
          </reporter-output>
        </test-method> <!-- OpenTheBrowser -->
        <test-method is-config="true" signature="LaunchMakeMyTrip()[pri:0, instance:TestCase.MakeMyTripFlightSearch@3754a4bf]" started-at="2025-07-20T12:38:45 IST" name="LaunchMakeMyTrip" finished-at="2025-07-20T12:38:48 IST" duration-ms="2678" status="PASS">
          <reporter-output>
          </reporter-output>
        </test-method> <!-- LaunchMakeMyTrip -->
        <test-method signature="MakeMyTripFlightSearchWithValidValues()[pri:0, instance:TestCase.MakeMyTripFlightSearch@3754a4bf]" started-at="2025-07-20T12:38:48 IST" name="MakeMyTripFlightSearchWithValidValues" finished-at="2025-07-20T12:38:48 IST" duration-ms="14" status="PASS">
          <reporter-output>
          </reporter-output>
        </test-method> <!-- MakeMyTripFlightSearchWithValidValues -->
        <test-method is-config="true" signature="WriteInReport(org.testng.ITestResult)[pri:0, instance:TestCase.MakeMyTripFlightSearch@3754a4bf]" started-at="2025-07-20T12:38:48 IST" name="WriteInReport" finished-at="2025-07-20T12:38:58 IST" duration-ms="10242" status="PASS">
          <params>
            <param index="0">
              <value>
                <![CDATA[[TestResult name=MakeMyTripFlightSearchWithValidValues status=SUCCESS method=MakeMyTripFlightSearch.MakeMyTripFlightSearchWithValidValues()[pri:0, instance:TestCase.MakeMyTripFlightSearch@3754a4bf] output={null}]]]>
              </value>
            </param>
          </params>
          <reporter-output>
          </reporter-output>
        </test-method> <!-- WriteInReport -->
        <test-method signature="MakeMyTripFlightSearchWithinValidValues()[pri:0, instance:TestCase.MakeMyTripFlightSearch@3754a4bf]" started-at="2025-07-20T12:38:58 IST" name="MakeMyTripFlightSearchWithinValidValues" finished-at="2025-07-20T12:38:58 IST" duration-ms="0" status="PASS">
          <reporter-output>
          </reporter-output>
        </test-method> <!-- MakeMyTripFlightSearchWithinValidValues -->
        <test-method is-config="true" signature="WriteInReport(org.testng.ITestResult)[pri:0, instance:TestCase.MakeMyTripFlightSearch@3754a4bf]" started-at="2025-07-20T12:38:58 IST" name="WriteInReport" finished-at="2025-07-20T12:39:08 IST" duration-ms="10234" status="PASS">
          <params>
            <param index="0">
              <value>
                <![CDATA[[TestResult name=MakeMyTripFlightSearchWithinValidValues status=SUCCESS method=MakeMyTripFlightSearch.MakeMyTripFlightSearchWithinValidValues()[pri:0, instance:TestCase.MakeMyTripFlightSearch@3754a4bf] output={null}]]]>
              </value>
            </param>
          </params>
          <reporter-output>
          </reporter-output>
        </test-method> <!-- WriteInReport -->
        <test-method is-config="true" signature="TearDown()[pri:0, instance:TestCase.MakeMyTripFlightSearch@3754a4bf]" started-at="2025-07-20T12:39:08 IST" name="TearDown" finished-at="2025-07-20T12:39:09 IST" duration-ms="535" status="PASS">
          <reporter-output>
          </reporter-output>
        </test-method> <!-- TearDown -->
      </class> <!-- TestCase.MakeMyTripFlightSearch -->
    </test> <!-- Default test -->
  </suite> <!-- Default suite -->
</testng-results>
